<?xml version="1.0" encoding="UTF-8"?>
<!-- Generated by org.testng.reporters.JUnitXMLReporter -->
<testsuite ignored="0" hostname="SSCPLCBEL-201" failures="0" tests="7" name="Test" time="49.461" errors="0" timestamp="2024-06-07T10:26:20 IST">
  <testcase classname="annotations.BAMTest" name="sample1" time="0.669"/>
  <testcase classname="annotations.BACTest" name="sample3" time="4.075"/>
  <testcase classname="annotations.BACTest" name="sample4" time="3.589"/>
  <testcase classname="annotations.BATTest" name="sample5" time="7.47"/>
  <testcase classname="annotations.BATTest" name="sample6" time="13.238"/>
  <testcase classname="annotations.BASTest" name="sample7" time="5.684"/>
  <testcase classname="annotations.BASTest" name="sample8" time="8.423"/>
</testsuite> <!-- Test -->
