<?xml version="1.0" encoding="UTF-8"?>
<testng-results ignored="0" total="1" passed="1" failed="0" skipped="0">
  <reporter-output>
  </reporter-output>
  <suite started-at="2024-06-07T12:18:27 IST" name="Default suite" finished-at="2024-06-07T12:18:44 IST" duration-ms="17148">
    <groups>
    </groups>
    <test started-at="2024-06-07T12:18:27 IST" name="Default test" finished-at="2024-06-07T12:18:44 IST" duration-ms="17148">
      <class name="date.date1">
        <test-method signature="datepicker()[pri:0, instance:date.date1@4f80542f]" started-at="2024-06-07T12:18:27 IST" name="datepicker" finished-at="2024-06-07T12:18:44 IST" duration-ms="17062" status="PASS">
          <reporter-output>
          </reporter-output>
        </test-method> <!-- datepicker -->
      </class> <!-- date.date1 -->
    </test> <!-- Default test -->
  </suite> <!-- Default suite -->
</testng-results>
